2026-02-10T22:34:57.283Z [console][error] The final argument passed to %s changed size between renders. The order and size of this array must remain constant.

Previous: %s
Incoming: %s useEffect [true, [object Object],[object Object],[object Object],[object Object],[object Object]] [true, [object Object],[object Object],[object Object],[object Object],[object Object], 221.33333333333334]
2026-02-10T22:34:57.283Z [console][error] The final argument passed to %s changed size between renders. The order and size of this array must remain constant.

Previous: %s
Incoming: %s useEffect [true, [object Object],[object Object],[object Object],[object Object],[object Object]] [true, [object Object],[object Object],[object Object],[object Object],[object Object], 221.33333333333334]
2026-02-10T22:34:57.283Z [console][error] The final argument passed to %s changed size between renders. The order and size of this array must remain constant.

Previous: %s
Incoming: %s useEffect [true, [object Object],[object Object],[object Object],[object Object],[object Object]] [true, [object Object],[object Object],[object Object],[object Object],[object Object], 221.33333333333334]
2026-02-11T01:38:50.663Z [console][error] The final argument passed to %s changed size between renders. The order and size of this array must remain constant.

Previous: %s
Incoming: %s useEffect [()=>{
            if ("TURBOPACK compile-time falsy", 0) {
                "TURBOPACK unreachable";
            }
            return window.innerWidth < 768 ? MARQUEE_SPEED_MOBILE : MARQUEE_SPEED_DESKTOP;
        }, true] [()=>{
            if ("TURBOPACK compile-time falsy", 0) {
                "TURBOPACK unreachable";
            }
            return window.innerWidth < 768 ? MARQUEE_SPEED_MOBILE : MARQUEE_SPEED_DESKTOP;
        }, ()=>{
            if ("TURBOPACK compile-time falsy", 0) {
                "TURBOPACK unreachable";
            }
            if (window.innerWidth < 640) return 2;
            if (window.innerWidth < 1024) return 3;
            return 6;
        }, true]
2026-02-11T01:38:59.503Z [console][error] The final argument passed to %s changed size between renders. The order and size of this array must remain constant.

Previous: %s
Incoming: %s useEffect [true, [object Object],[object Object],[object Object],[object Object],[object Object],[object Object]] [true, [object Object],[object Object],[object Object],[object Object],[object Object],[object Object], ()=>{
            if ("TURBOPACK compile-time falsy", 0) {
                "TURBOPACK unreachable";
            }
            if (window.innerWidth < 640) return 2;
            if (window.innerWidth < 1024) return 3;
            return 6;
        }]
2026-02-11T02:24:35.720Z [console][warn] Image with src "/brand/logo-light.png" has either width or height modified, but not the other. If you use CSS to change the size of your image, also include the styles 'width: "auto"' or 'height: "auto"' to maintain the aspect ratio.
2026-02-11T02:24:35.720Z [console][warn] Image with src "/brand/logo-light.png" has either width or height modified, but not the other. If you use CSS to change the size of your image, also include the styles 'width: "auto"' or 'height: "auto"' to maintain the aspect ratio.
2026-02-11T02:24:35.720Z [console][warn] Image with src "/brand/logo-light.png" has either width or height modified, but not the other. If you use CSS to change the size of your image, also include the styles 'width: "auto"' or 'height: "auto"' to maintain the aspect ratio.
2026-02-11T02:31:32.249Z [console][warn] Image with src "/brand/logo-light.png" has either width or height modified, but not the other. If you use CSS to change the size of your image, also include the styles 'width: "auto"' or 'height: "auto"' to maintain the aspect ratio.
2026-02-11T02:31:32.249Z [console][warn] Image with src "/brand/logo-light.png" has either width or height modified, but not the other. If you use CSS to change the size of your image, also include the styles 'width: "auto"' or 'height: "auto"' to maintain the aspect ratio.
2026-02-11T20:35:07.804Z [console][warn] Image with src "/brand/logo-light.png" has either width or height modified, but not the other. If you use CSS to change the size of your image, also include the styles 'width: "auto"' or 'height: "auto"' to maintain the aspect ratio.
2026-02-11T20:35:07.804Z [console][warn] Image with src "/brand/logo-light.png" has either width or height modified, but not the other. If you use CSS to change the size of your image, also include the styles 'width: "auto"' or 'height: "auto"' to maintain the aspect ratio.
2026-02-11T21:36:45.288Z [console][warn] Image with src "/brand/logo-light.png" has either width or height modified, but not the other. If you use CSS to change the size of your image, also include the styles 'width: "auto"' or 'height: "auto"' to maintain the aspect ratio.
2026-02-11T21:36:45.288Z [console][warn] Image with src "/brand/logo-light.png" has either width or height modified, but not the other. If you use CSS to change the size of your image, also include the styles 'width: "auto"' or 'height: "auto"' to maintain the aspect ratio.
2026-02-11T21:41:37.007Z [console][warn] Image with src "/brand/logo-light.png" has either width or height modified, but not the other. If you use CSS to change the size of your image, also include the styles 'width: "auto"' or 'height: "auto"' to maintain the aspect ratio.
2026-02-11T21:41:37.007Z [console][warn] Image with src "/brand/logo-light.png" has either width or height modified, but not the other. If you use CSS to change the size of your image, also include the styles 'width: "auto"' or 'height: "auto"' to maintain the aspect ratio.
2026-02-11T23:06:10.447Z [console][error] A tree hydrated but some attributes of the server rendered HTML didn't match the client properties. This won't be patched up. This can happen if a SSR-ed Client Component used:

- A server/client branch `if (typeof window !== 'undefined')`.
- Variable input such as `Date.now()` or `Math.random()` which changes each time it's called.
- Date formatting in a user's locale which doesn't match the server.
- External changing data without sending a snapshot of it along with the HTML.
- Invalid HTML tag nesting.

It can also happen if the client has a browser extension installed which messes with the HTML before React loaded.

%s%s https://react.dev/link/hydration-mismatch 

  ...
    <HotReload assetPrefix="" globalError={[...]}>
      <AppDevOverlay state={{nextId:1, ...}} globalError={[...]}>
        <AppDevOverlayErrorBoundary globalError={[...]} onError={function bound dispatchSetState}>
          <ReplaySsrOnlyErrors>
          <DevRootHTTPAccessFallbackBoundary>
            <HTTPAccessFallbackBoundary notFound={<NotAllowedRootHTTPFallbackError>}>
              <HTTPAccessFallbackErrorBoundary pathname="/categorias" notFound={<NotAllowedRootHTTPFallbackError>} ...>
                <RedirectBoundary>
                  <RedirectErrorBoundary router={{...}}>
                    <Head>
                    <link>
                    <script>
                    <script>
                    <script>
                    <RootLayout>
                      <html data-orchids-id="src/app/la..." data-orchids-name="html" lang="en" ...>
                        <body data-orchids-id="src/app/la..." data-orchids-name="body" className="antialiased">
                          <Script>
                          <ErrorReporter>
                          <Script>
                          <ThemeProvider data-orchids-id="src/app/la..." data-orchids-name="ThemeProvider">
                            <Header data-orchids-id="src/app/la..." data-orchids-name="Header">
                       ...
2026-02-11T23:06:10.456Z [console][warn] Image with src "/brand/logo-light.webp" has either width or height modified, but not the other. If you use CSS to change the size of your image, also include the styles 'width: "auto"' or 'height: "auto"' to maintain the aspect ratio.
2026-02-11T23:06:10.456Z [console][warn] Image with src "/antiestres.jpg" has "fill" but is missing "sizes" prop. Please add it to improve page performance. Read more: https://nextjs.org/docs/api-reference/next/image#sizes
2026-02-26T18:59:42.352Z [console][warn] Image with src "/cat-herramientas.jpg" has "fill" but is missing "sizes" prop. Please add it to improve page performance. Read more: https://nextjs.org/docs/api-reference/next/image#sizes
2026-02-26T18:59:42.361Z [console][warn] Image with src "/cat-hieleras.jpg" has "fill" but is missing "sizes" prop. Please add it to improve page performance. Read more: https://nextjs.org/docs/api-reference/next/image#sizes
2026-02-26T18:59:42.365Z [console][warn] Image with src "/cat-hogar.jpg" has "fill" but is missing "sizes" prop. Please add it to improve page performance. Read more: https://nextjs.org/docs/api-reference/next/image#sizes
2026-02-26T18:59:42.371Z [console][warn] Image with src "/cat-libretas.jpg" has "fill" but is missing "sizes" prop. Please add it to improve page performance. Read more: https://nextjs.org/docs/api-reference/next/image#sizes
2026-02-26T18:59:42.376Z [console][warn] Image with src "/cat-llaveros.jpg" has "fill" but is missing "sizes" prop. Please add it to improve page performance. Read more: https://nextjs.org/docs/api-reference/next/image#sizes
2026-02-26T18:59:42.382Z [console][warn] Image with src "/cat-maletas.jpg" has "fill" but is missing "sizes" prop. Please add it to improve page performance. Read more: https://nextjs.org/docs/api-reference/next/image#sizes
2026-02-26T18:59:42.391Z [console][warn] Image with src "/cat-mochilas.jpg" has "fill" but is missing "sizes" prop. Please add it to improve page performance. Read more: https://nextjs.org/docs/api-reference/next/image#sizes
2026-02-26T18:59:42.398Z [console][warn] Image with src "/cat-ninos.jpg" has "fill" but is missing "sizes" prop. Please add it to improve page performance. Read more: https://nextjs.org/docs/api-reference/next/image#sizes
2026-02-26T18:59:42.401Z [console][warn] Image with src "/cat-oficina.jpg" has "fill" but is missing "sizes" prop. Please add it to improve page performance. Read more: https://nextjs.org/docs/api-reference/next/image#sizes
2026-02-26T18:59:42.408Z [console][warn] Image with src "/cat-paraguas.jpg" has "fill" but is missing "sizes" prop. Please add it to improve page performance. Read more: https://nextjs.org/docs/api-reference/next/image#sizes
2026-02-26T18:59:42.417Z [console][warn] Image with src "/cat-portafolios.jpg" has "fill" but is missing "sizes" prop. Please add it to improve page performance. Read more: https://nextjs.org/docs/api-reference/next/image#sizes
2026-02-26T18:59:42.423Z [console][warn] Image with src "/cat-salud.jpg" has "fill" but is missing "sizes" prop. Please add it to improve page performance. Read more: https://nextjs.org/docs/api-reference/next/image#sizes
2026-02-26T18:59:42.432Z [console][warn] Image with src "/cat-sets-regalo.jpg" has "fill" but is missing "sizes" prop. Please add it to improve page performance. Read more: https://nextjs.org/docs/api-reference/next/image#sizes
2026-02-26T18:59:42.435Z [console][warn] Image with src "/cat-tecnologia.jpg" has "fill" but is missing "sizes" prop. Please add it to improve page performance. Read more: https://nextjs.org/docs/api-reference/next/image#sizes
2026-02-26T18:59:42.437Z [console][warn] Image with src "/cat-textiles.jpg" has "fill" but is missing "sizes" prop. Please add it to improve page performance. Read more: https://nextjs.org/docs/api-reference/next/image#sizes
2026-02-26T18:59:17.576Z [network][GET 0] /api/products?category=regalos&page=1&limit=12
  response: Request failed: Failed to fetch
2026-02-26T18:59:17.576Z [network][GET 0] /api/products?category=regalos&page=1&limit=12
  response: Request failed: Failed to fetch
2026-02-26T18:59:18.693Z [network][GET 200] /api/products?category=regalos&page=1&limit=12
  response: {"products":[],"total":0,"page":1,"totalPages":0,"error":"Falta mapear categoría: regalos"}
2026-02-26T18:59:25.999Z [network][GET 200] /api/products?category=gorras&page=1&limit=12
  response: {"products":[],"total":0,"page":1,"totalPages":0,"error":"Falta mapear categoría: gorras"}
2026-02-26T18:59:30.128Z [network][GET 0] /api/products?category=bolsas&page=1&limit=12
  response: Request failed: Failed to fetch
2026-02-26T18:59:30.129Z [network][GET 0] /api/products?category=bolsas&page=1&limit=12
  response: Request failed: Failed to fetch
2026-02-26T18:59:31.007Z [network][GET 200] /api/products?category=bolsas&page=1&limit=12
  response: {"products":[],"total":0,"page":1,"totalPages":0,"error":"Falta mapear categoría: bolsas"}
2026-02-26T18:59:37.175Z [network][GET 200] /api/products?category=bar&page=1&limit=12
  response: {"products":[],"total":0,"page":1,"totalPages":0,"error":"Falta mapear categoría: bar"}
2026-02-26T18:59:37.228Z [network][GET 0] /api/products?category=bar&page=1&limit=12
  response: Request failed: Failed to fetch
2026-02-26T18:59:38.106Z [network][GET 200] /api/products?category=bar&page=1&limit=12
  response: {"products":[],"total":0,"page":1,"totalPages":0,"error":"Falta mapear categoría: bar"}
